CRITICAL - 2022-03-31 06:07:25 --> Undefined variable $GymBranchModel
#0 C:\xampp\htdocs\GYM\GYMci4\app\Controllers\App.php(49): CodeIgniter\Debug\Exceptions->errorHandler(2, 'Undefined varia...', 'C:\\xampp\\htdocs...', 49)
#1 C:\xampp\htdocs\GYM\GYMci4\system\CodeIgniter.php(825): App\Controllers\App->save()
#2 C:\xampp\htdocs\GYM\GYMci4\system\CodeIgniter.php(412): CodeIgniter\CodeIgniter->runController(Object(App\Controllers\App))
#3 C:\xampp\htdocs\GYM\GYMci4\system\CodeIgniter.php(320): CodeIgniter\CodeIgniter->handleRequest(NULL, Object(Config\Cache), false)
#4 C:\xampp\htdocs\GYM\index.php(37): CodeIgniter\CodeIgniter->run()
#5 {main}
ERROR - 2022-03-31 06:12:13 --> Error connecting to the database: Access denied for user ''@'localhost' (using password: NO)
CRITICAL - 2022-03-31 06:12:13 --> Unable to connect to the database.
Main connection [MySQLi]: Access denied for user ''@'localhost' (using password: NO)
#0 C:\xampp\htdocs\GYM\GYMci4\system\Database\BaseConnection.php(577): CodeIgniter\Database\BaseConnection->initialize()
#1 C:\xampp\htdocs\GYM\GYMci4\system\Database\BaseBuilder.php(1771): CodeIgniter\Database\BaseConnection->query('INSERT INTO `gy...', Array, false)
#2 C:\xampp\htdocs\GYM\GYMci4\system\Model.php(239): CodeIgniter\Database\BaseBuilder->insert()
#3 C:\xampp\htdocs\GYM\GYMci4\system\BaseModel.php(738): CodeIgniter\Model->doInsert(Array)
#4 C:\xampp\htdocs\GYM\GYMci4\system\Model.php(625): CodeIgniter\BaseModel->insert(Array, true)
#5 C:\xampp\htdocs\GYM\GYMci4\app\Controllers\App.php(50): CodeIgniter\Model->insert(Array)
#6 C:\xampp\htdocs\GYM\GYMci4\system\CodeIgniter.php(825): App\Controllers\App->save()
#7 C:\xampp\htdocs\GYM\GYMci4\system\CodeIgniter.php(412): CodeIgniter\CodeIgniter->runController(Object(App\Controllers\App))
#8 C:\xampp\htdocs\GYM\GYMci4\system\CodeIgniter.php(320): CodeIgniter\CodeIgniter->handleRequest(NULL, Object(Config\Cache), false)
#9 C:\xampp\htdocs\GYM\index.php(37): CodeIgniter\CodeIgniter->run()
#10 {main}
ERROR - 2022-03-31 06:41:49 --> Error connecting to the database: Access denied for user ''@'localhost' (using password: NO)
CRITICAL - 2022-03-31 06:41:49 --> Unable to connect to the database.
Main connection [MySQLi]: Access denied for user ''@'localhost' (using password: NO)
#0 C:\xampp\htdocs\GYM\GYMci4\system\Database\BaseConnection.php(577): CodeIgniter\Database\BaseConnection->initialize()
#1 C:\xampp\htdocs\GYM\GYMci4\system\Database\BaseBuilder.php(1771): CodeIgniter\Database\BaseConnection->query('INSERT INTO `gy...', Array, false)
#2 C:\xampp\htdocs\GYM\GYMci4\system\Model.php(239): CodeIgniter\Database\BaseBuilder->insert()
#3 C:\xampp\htdocs\GYM\GYMci4\system\BaseModel.php(738): CodeIgniter\Model->doInsert(Array)
#4 C:\xampp\htdocs\GYM\GYMci4\system\Model.php(625): CodeIgniter\BaseModel->insert(Array, true)
#5 C:\xampp\htdocs\GYM\GYMci4\app\Controllers\App.php(50): CodeIgniter\Model->insert(Array)
#6 C:\xampp\htdocs\GYM\GYMci4\system\CodeIgniter.php(825): App\Controllers\App->save()
#7 C:\xampp\htdocs\GYM\GYMci4\system\CodeIgniter.php(412): CodeIgniter\CodeIgniter->runController(Object(App\Controllers\App))
#8 C:\xampp\htdocs\GYM\GYMci4\system\CodeIgniter.php(320): CodeIgniter\CodeIgniter->handleRequest(NULL, Object(Config\Cache), false)
#9 C:\xampp\htdocs\GYM\index.php(37): CodeIgniter\CodeIgniter->run()
#10 {main}
ERROR - 2022-03-31 06:54:45 --> Column 'branchname' cannot be null
CRITICAL - 2022-03-31 06:54:45 --> Column 'branchname' cannot be null
#0 C:\xampp\htdocs\GYM\GYMci4\system\Database\MySQLi\Connection.php(292): mysqli->query('INSERT INTO `gy...', 0)
#1 C:\xampp\htdocs\GYM\GYMci4\system\Database\BaseConnection.php(670): CodeIgniter\Database\MySQLi\Connection->execute('INSERT INTO `gy...')
#2 C:\xampp\htdocs\GYM\GYMci4\system\Database\BaseConnection.php(598): CodeIgniter\Database\BaseConnection->simpleQuery('INSERT INTO `gy...')
#3 C:\xampp\htdocs\GYM\GYMci4\system\Database\BaseBuilder.php(1771): CodeIgniter\Database\BaseConnection->query('INSERT INTO `gy...', Array, false)
#4 C:\xampp\htdocs\GYM\GYMci4\system\Model.php(239): CodeIgniter\Database\BaseBuilder->insert()
#5 C:\xampp\htdocs\GYM\GYMci4\system\BaseModel.php(738): CodeIgniter\Model->doInsert(Array)
#6 C:\xampp\htdocs\GYM\GYMci4\system\Model.php(625): CodeIgniter\BaseModel->insert(Array, true)
#7 C:\xampp\htdocs\GYM\GYMci4\app\Controllers\App.php(50): CodeIgniter\Model->insert(Array)
#8 C:\xampp\htdocs\GYM\GYMci4\system\CodeIgniter.php(825): App\Controllers\App->save()
#9 C:\xampp\htdocs\GYM\GYMci4\system\CodeIgniter.php(412): CodeIgniter\CodeIgniter->runController(Object(App\Controllers\App))
#10 C:\xampp\htdocs\GYM\GYMci4\system\CodeIgniter.php(320): CodeIgniter\CodeIgniter->handleRequest(NULL, Object(Config\Cache), false)
#11 C:\xampp\htdocs\GYM\index.php(37): CodeIgniter\CodeIgniter->run()
#12 {main}
ERROR - 2022-03-31 06:55:27 --> Column 'branchname' cannot be null
CRITICAL - 2022-03-31 06:55:27 --> Column 'branchname' cannot be null
#0 C:\xampp\htdocs\GYM\GYMci4\system\Database\MySQLi\Connection.php(292): mysqli->query('INSERT INTO `gy...', 0)
#1 C:\xampp\htdocs\GYM\GYMci4\system\Database\BaseConnection.php(670): CodeIgniter\Database\MySQLi\Connection->execute('INSERT INTO `gy...')
#2 C:\xampp\htdocs\GYM\GYMci4\system\Database\BaseConnection.php(598): CodeIgniter\Database\BaseConnection->simpleQuery('INSERT INTO `gy...')
#3 C:\xampp\htdocs\GYM\GYMci4\system\Database\BaseBuilder.php(1771): CodeIgniter\Database\BaseConnection->query('INSERT INTO `gy...', Array, false)
#4 C:\xampp\htdocs\GYM\GYMci4\system\Model.php(239): CodeIgniter\Database\BaseBuilder->insert()
#5 C:\xampp\htdocs\GYM\GYMci4\system\BaseModel.php(738): CodeIgniter\Model->doInsert(Array)
#6 C:\xampp\htdocs\GYM\GYMci4\system\Model.php(625): CodeIgniter\BaseModel->insert(Array, true)
#7 C:\xampp\htdocs\GYM\GYMci4\app\Controllers\App.php(50): CodeIgniter\Model->insert(Array)
#8 C:\xampp\htdocs\GYM\GYMci4\system\CodeIgniter.php(825): App\Controllers\App->save()
#9 C:\xampp\htdocs\GYM\GYMci4\system\CodeIgniter.php(412): CodeIgniter\CodeIgniter->runController(Object(App\Controllers\App))
#10 C:\xampp\htdocs\GYM\GYMci4\system\CodeIgniter.php(320): CodeIgniter\CodeIgniter->handleRequest(NULL, Object(Config\Cache), false)
#11 C:\xampp\htdocs\GYM\index.php(37): CodeIgniter\CodeIgniter->run()
#12 {main}
