CRITICAL - 2022-05-06 09:14:25 --> Undefined variable $totalTime
#0 C:\xampp\htdocs\GYM\GYMci4\system\Debug\Toolbar\Views\toolbar.tpl.php(40): CodeIgniter\Debug\Exceptions->errorHandler(2, 'Undefined varia...', 'C:\\xampp\\htdocs...', 40)
#1 C:\xampp\htdocs\GYM\GYMci4\system\Debug\Toolbar.php(501): include('C:\\xampp\\htdocs...')
#2 C:\xampp\htdocs\GYM\GYMci4\system\Debug\Toolbar.php(464): CodeIgniter\Debug\Toolbar->format(Array, 'html')
#3 C:\xampp\htdocs\GYM\GYMci4\app\Config\Events.php(48): CodeIgniter\Debug\Toolbar->respond()
#4 C:\xampp\htdocs\GYM\GYMci4\system\Events\Events.php(149): CodeIgniter\Events\Events::Config\{closure}()
#5 C:\xampp\htdocs\GYM\GYMci4\system\CodeIgniter.php(302): CodeIgniter\Events\Events::trigger('pre_system')
#6 C:\xampp\htdocs\GYM\index.php(37): CodeIgniter\CodeIgniter->run()
#7 {main}
CRITICAL - 2022-05-06 09:51:09 --> Invalid file: Admin/headerAdmin1.php
#0 C:\xampp\htdocs\GYM\GYMci4\system\View\View.php(198): CodeIgniter\Exceptions\FrameworkException::forInvalidFile('Admin/headerAdm...')
#1 C:\xampp\htdocs\GYM\GYMci4\system\Common.php(1089): CodeIgniter\View\View->render('Admin/headerAdm...', Array, true)
#2 C:\xampp\htdocs\GYM\GYMci4\app\Controllers\Dashboard.php(12): view('Admin/headerAdm...')
#3 C:\xampp\htdocs\GYM\GYMci4\system\CodeIgniter.php(825): App\Controllers\Dashboard->index()
#4 C:\xampp\htdocs\GYM\GYMci4\system\CodeIgniter.php(412): CodeIgniter\CodeIgniter->runController(Object(App\Controllers\Dashboard))
#5 C:\xampp\htdocs\GYM\GYMci4\system\CodeIgniter.php(320): CodeIgniter\CodeIgniter->handleRequest(NULL, Object(Config\Cache), false)
#6 C:\xampp\htdocs\GYM\index.php(37): CodeIgniter\CodeIgniter->run()
#7 {main}
CRITICAL - 2022-05-06 11:08:24 --> Invalid file: Admin/headerAdmin1.php
#0 C:\xampp\htdocs\GYM\GYMci4\system\View\View.php(198): CodeIgniter\Exceptions\FrameworkException::forInvalidFile('Admin/headerAdm...')
#1 C:\xampp\htdocs\GYM\GYMci4\system\Common.php(1089): CodeIgniter\View\View->render('Admin/headerAdm...', Array, true)
#2 C:\xampp\htdocs\GYM\GYMci4\app\Controllers\GymBranch.php(15): view('Admin/headerAdm...')
#3 C:\xampp\htdocs\GYM\GYMci4\system\CodeIgniter.php(825): App\Controllers\GymBranch->index()
#4 C:\xampp\htdocs\GYM\GYMci4\system\CodeIgniter.php(412): CodeIgniter\CodeIgniter->runController(Object(App\Controllers\GymBranch))
#5 C:\xampp\htdocs\GYM\GYMci4\system\CodeIgniter.php(320): CodeIgniter\CodeIgniter->handleRequest(NULL, Object(Config\Cache), false)
#6 C:\xampp\htdocs\GYM\index.php(37): CodeIgniter\CodeIgniter->run()
#7 {main}
CRITICAL - 2022-05-06 11:18:15 --> Invalid file: Admin/headerAdmin1.php
#0 C:\xampp\htdocs\GYM\GYMci4\system\View\View.php(198): CodeIgniter\Exceptions\FrameworkException::forInvalidFile('Admin/headerAdm...')
#1 C:\xampp\htdocs\GYM\GYMci4\system\Common.php(1089): CodeIgniter\View\View->render('Admin/headerAdm...', Array, true)
#2 C:\xampp\htdocs\GYM\GYMci4\app\Controllers\GymBranch.php(15): view('Admin/headerAdm...')
#3 C:\xampp\htdocs\GYM\GYMci4\system\CodeIgniter.php(825): App\Controllers\GymBranch->index()
#4 C:\xampp\htdocs\GYM\GYMci4\system\CodeIgniter.php(412): CodeIgniter\CodeIgniter->runController(Object(App\Controllers\GymBranch))
#5 C:\xampp\htdocs\GYM\GYMci4\system\CodeIgniter.php(320): CodeIgniter\CodeIgniter->handleRequest(NULL, Object(Config\Cache), false)
#6 C:\xampp\htdocs\GYM\index.php(37): CodeIgniter\CodeIgniter->run()
#7 {main}
CRITICAL - 2022-05-06 11:18:51 --> Invalid file: Admin/headerAdmin1.php
#0 C:\xampp\htdocs\GYM\GYMci4\system\View\View.php(198): CodeIgniter\Exceptions\FrameworkException::forInvalidFile('Admin/headerAdm...')
#1 C:\xampp\htdocs\GYM\GYMci4\system\Common.php(1089): CodeIgniter\View\View->render('Admin/headerAdm...', Array, true)
#2 C:\xampp\htdocs\GYM\GYMci4\app\Controllers\GymBranch.php(15): view('Admin/headerAdm...')
#3 C:\xampp\htdocs\GYM\GYMci4\system\CodeIgniter.php(825): App\Controllers\GymBranch->index()
#4 C:\xampp\htdocs\GYM\GYMci4\system\CodeIgniter.php(412): CodeIgniter\CodeIgniter->runController(Object(App\Controllers\GymBranch))
#5 C:\xampp\htdocs\GYM\GYMci4\system\CodeIgniter.php(320): CodeIgniter\CodeIgniter->handleRequest(NULL, Object(Config\Cache), false)
#6 C:\xampp\htdocs\GYM\index.php(37): CodeIgniter\CodeIgniter->run()
#7 {main}
CRITICAL - 2022-05-06 11:18:56 --> Invalid file: Admin/headerAdmin1.php
#0 C:\xampp\htdocs\GYM\GYMci4\system\View\View.php(198): CodeIgniter\Exceptions\FrameworkException::forInvalidFile('Admin/headerAdm...')
#1 C:\xampp\htdocs\GYM\GYMci4\system\Common.php(1089): CodeIgniter\View\View->render('Admin/headerAdm...', Array, true)
#2 C:\xampp\htdocs\GYM\GYMci4\app\Controllers\GymBranch.php(15): view('Admin/headerAdm...')
#3 C:\xampp\htdocs\GYM\GYMci4\system\CodeIgniter.php(825): App\Controllers\GymBranch->index()
#4 C:\xampp\htdocs\GYM\GYMci4\system\CodeIgniter.php(412): CodeIgniter\CodeIgniter->runController(Object(App\Controllers\GymBranch))
#5 C:\xampp\htdocs\GYM\GYMci4\system\CodeIgniter.php(320): CodeIgniter\CodeIgniter->handleRequest(NULL, Object(Config\Cache), false)
#6 C:\xampp\htdocs\GYM\index.php(37): CodeIgniter\CodeIgniter->run()
#7 {main}
CRITICAL - 2022-05-06 11:23:12 --> Invalid file: Admin/headerAdmin1.php
#0 C:\xampp\htdocs\GYM\GYMci4\system\View\View.php(198): CodeIgniter\Exceptions\FrameworkException::forInvalidFile('Admin/headerAdm...')
#1 C:\xampp\htdocs\GYM\GYMci4\system\Common.php(1089): CodeIgniter\View\View->render('Admin/headerAdm...', Array, true)
#2 C:\xampp\htdocs\GYM\GYMci4\app\Controllers\GymBranch.php(15): view('Admin/headerAdm...')
#3 C:\xampp\htdocs\GYM\GYMci4\system\CodeIgniter.php(825): App\Controllers\GymBranch->index()
#4 C:\xampp\htdocs\GYM\GYMci4\system\CodeIgniter.php(412): CodeIgniter\CodeIgniter->runController(Object(App\Controllers\GymBranch))
#5 C:\xampp\htdocs\GYM\GYMci4\system\CodeIgniter.php(320): CodeIgniter\CodeIgniter->handleRequest(NULL, Object(Config\Cache), false)
#6 C:\xampp\htdocs\GYM\index.php(37): CodeIgniter\CodeIgniter->run()
#7 {main}
CRITICAL - 2022-05-06 12:07:01 --> Invalid file: Admin/Gymmaster/add.php
#0 C:\xampp\htdocs\GYM\GYMci4\system\View\View.php(198): CodeIgniter\Exceptions\FrameworkException::forInvalidFile('Admin/Gymmaster...')
#1 C:\xampp\htdocs\GYM\GYMci4\system\Common.php(1089): CodeIgniter\View\View->render('Admin/Gymmaster...', Array, true)
#2 C:\xampp\htdocs\GYM\GYMci4\app\Controllers\GymMaster.php(12): view('Admin/Gymmaster...')
#3 C:\xampp\htdocs\GYM\GYMci4\system\CodeIgniter.php(825): App\Controllers\GymMaster->index()
#4 C:\xampp\htdocs\GYM\GYMci4\system\CodeIgniter.php(412): CodeIgniter\CodeIgniter->runController(Object(App\Controllers\GymMaster))
#5 C:\xampp\htdocs\GYM\GYMci4\system\CodeIgniter.php(320): CodeIgniter\CodeIgniter->handleRequest(NULL, Object(Config\Cache), false)
#6 C:\xampp\htdocs\GYM\index.php(37): CodeIgniter\CodeIgniter->run()
#7 {main}
CRITICAL - 2022-05-06 12:08:40 --> Invalid file: Admin/Gymmaster/add.php
#0 C:\xampp\htdocs\GYM\GYMci4\system\View\View.php(198): CodeIgniter\Exceptions\FrameworkException::forInvalidFile('Admin/Gymmaster...')
#1 C:\xampp\htdocs\GYM\GYMci4\system\Common.php(1089): CodeIgniter\View\View->render('Admin/Gymmaster...', Array, true)
#2 C:\xampp\htdocs\GYM\GYMci4\app\Controllers\GymMaster.php(12): view('Admin/Gymmaster...')
#3 C:\xampp\htdocs\GYM\GYMci4\system\CodeIgniter.php(825): App\Controllers\GymMaster->index()
#4 C:\xampp\htdocs\GYM\GYMci4\system\CodeIgniter.php(412): CodeIgniter\CodeIgniter->runController(Object(App\Controllers\GymMaster))
#5 C:\xampp\htdocs\GYM\GYMci4\system\CodeIgniter.php(320): CodeIgniter\CodeIgniter->handleRequest(NULL, Object(Config\Cache), false)
#6 C:\xampp\htdocs\GYM\index.php(37): CodeIgniter\CodeIgniter->run()
#7 {main}
CRITICAL - 2022-05-06 12:35:48 --> Class "App\Models\ProgramMasterModel" not found
#0 C:\xampp\htdocs\GYM\GYMci4\system\CodeIgniter.php(825): App\Controllers\GymCustomer->index()
#1 C:\xampp\htdocs\GYM\GYMci4\system\CodeIgniter.php(412): CodeIgniter\CodeIgniter->runController(Object(App\Controllers\GymCustomer))
#2 C:\xampp\htdocs\GYM\GYMci4\system\CodeIgniter.php(320): CodeIgniter\CodeIgniter->handleRequest(NULL, Object(Config\Cache), false)
#3 C:\xampp\htdocs\GYM\index.php(37): CodeIgniter\CodeIgniter->run()
#4 {main}
CRITICAL - 2022-05-06 12:38:00 --> Trying to access array offset on value of type null
#0 C:\xampp\htdocs\GYM\GYMci4\app\Views\Admin\gymcustomer\admissionform.php(330): CodeIgniter\Debug\Exceptions->errorHandler(2, 'Trying to acces...', 'C:\\xampp\\htdocs...', 330)
#1 C:\xampp\htdocs\GYM\GYMci4\system\View\View.php(210): include('C:\\xampp\\htdocs...')
#2 C:\xampp\htdocs\GYM\GYMci4\system\View\View.php(213): CodeIgniter\View\View->CodeIgniter\View\{closure}()
#3 C:\xampp\htdocs\GYM\GYMci4\system\Common.php(1089): CodeIgniter\View\View->render('Admin/GymCustom...', Array, true)
#4 C:\xampp\htdocs\GYM\GYMci4\app\Controllers\GymCustomer.php(253): view('Admin/GymCustom...', Array)
#5 C:\xampp\htdocs\GYM\GYMci4\system\CodeIgniter.php(825): App\Controllers\GymCustomer->print('SourceSansPro-R...')
#6 C:\xampp\htdocs\GYM\GYMci4\system\CodeIgniter.php(412): CodeIgniter\CodeIgniter->runController(Object(App\Controllers\GymCustomer))
#7 C:\xampp\htdocs\GYM\GYMci4\system\CodeIgniter.php(320): CodeIgniter\CodeIgniter->handleRequest(NULL, Object(Config\Cache), false)
#8 C:\xampp\htdocs\GYM\index.php(37): CodeIgniter\CodeIgniter->run()
#9 {main}
CRITICAL - 2022-05-06 12:39:20 --> Trying to access array offset on value of type null
#0 C:\xampp\htdocs\GYM\GYMci4\app\Views\Admin\gymcustomer\admissionform.php(330): CodeIgniter\Debug\Exceptions->errorHandler(2, 'Trying to acces...', 'C:\\xampp\\htdocs...', 330)
#1 C:\xampp\htdocs\GYM\GYMci4\system\View\View.php(210): include('C:\\xampp\\htdocs...')
#2 C:\xampp\htdocs\GYM\GYMci4\system\View\View.php(213): CodeIgniter\View\View->CodeIgniter\View\{closure}()
#3 C:\xampp\htdocs\GYM\GYMci4\system\Common.php(1089): CodeIgniter\View\View->render('Admin/GymCustom...', Array, true)
#4 C:\xampp\htdocs\GYM\GYMci4\app\Controllers\GymCustomer.php(253): view('Admin/GymCustom...', Array)
#5 C:\xampp\htdocs\GYM\GYMci4\system\CodeIgniter.php(825): App\Controllers\GymCustomer->print('SourceSansPro-R...')
#6 C:\xampp\htdocs\GYM\GYMci4\system\CodeIgniter.php(412): CodeIgniter\CodeIgniter->runController(Object(App\Controllers\GymCustomer))
#7 C:\xampp\htdocs\GYM\GYMci4\system\CodeIgniter.php(320): CodeIgniter\CodeIgniter->handleRequest(NULL, Object(Config\Cache), false)
#8 C:\xampp\htdocs\GYM\index.php(37): CodeIgniter\CodeIgniter->run()
#9 {main}
CRITICAL - 2022-05-06 12:40:43 --> Trying to access array offset on value of type null
#0 C:\xampp\htdocs\GYM\GYMci4\app\Views\Admin\gymcustomer\admissionform.php(330): CodeIgniter\Debug\Exceptions->errorHandler(2, 'Trying to acces...', 'C:\\xampp\\htdocs...', 330)
#1 C:\xampp\htdocs\GYM\GYMci4\system\View\View.php(210): include('C:\\xampp\\htdocs...')
#2 C:\xampp\htdocs\GYM\GYMci4\system\View\View.php(213): CodeIgniter\View\View->CodeIgniter\View\{closure}()
#3 C:\xampp\htdocs\GYM\GYMci4\system\Common.php(1089): CodeIgniter\View\View->render('Admin/GymCustom...', Array, true)
#4 C:\xampp\htdocs\GYM\GYMci4\app\Controllers\GymCustomer.php(253): view('Admin/GymCustom...', Array)
#5 C:\xampp\htdocs\GYM\GYMci4\system\CodeIgniter.php(825): App\Controllers\GymCustomer->print('SourceSansPro-R...')
#6 C:\xampp\htdocs\GYM\GYMci4\system\CodeIgniter.php(412): CodeIgniter\CodeIgniter->runController(Object(App\Controllers\GymCustomer))
#7 C:\xampp\htdocs\GYM\GYMci4\system\CodeIgniter.php(320): CodeIgniter\CodeIgniter->handleRequest(NULL, Object(Config\Cache), false)
#8 C:\xampp\htdocs\GYM\index.php(37): CodeIgniter\CodeIgniter->run()
#9 {main}
CRITICAL - 2022-05-06 12:46:35 --> Class "App\Models\MachineModel" not found
#0 C:\xampp\htdocs\GYM\GYMci4\system\CodeIgniter.php(825): App\Controllers\Machinery->listRecord()
#1 C:\xampp\htdocs\GYM\GYMci4\system\CodeIgniter.php(412): CodeIgniter\CodeIgniter->runController(Object(App\Controllers\Machinery))
#2 C:\xampp\htdocs\GYM\GYMci4\system\CodeIgniter.php(320): CodeIgniter\CodeIgniter->handleRequest(NULL, Object(Config\Cache), false)
#3 C:\xampp\htdocs\GYM\index.php(37): CodeIgniter\CodeIgniter->run()
#4 {main}
CRITICAL - 2022-05-06 12:47:05 --> Invalid file: Admin/headerAdmin1.php
#0 C:\xampp\htdocs\GYM\GYMci4\system\View\View.php(198): CodeIgniter\Exceptions\FrameworkException::forInvalidFile('Admin/headerAdm...')
#1 C:\xampp\htdocs\GYM\GYMci4\system\Common.php(1089): CodeIgniter\View\View->render('Admin/headerAdm...', Array, true)
#2 C:\xampp\htdocs\GYM\GYMci4\app\Controllers\Machinery.php(123): view('Admin/headerAdm...')
#3 C:\xampp\htdocs\GYM\GYMci4\system\CodeIgniter.php(825): App\Controllers\Machinery->listRecord()
#4 C:\xampp\htdocs\GYM\GYMci4\system\CodeIgniter.php(412): CodeIgniter\CodeIgniter->runController(Object(App\Controllers\Machinery))
#5 C:\xampp\htdocs\GYM\GYMci4\system\CodeIgniter.php(320): CodeIgniter\CodeIgniter->handleRequest(NULL, Object(Config\Cache), false)
#6 C:\xampp\htdocs\GYM\index.php(37): CodeIgniter\CodeIgniter->run()
#7 {main}
ERROR - 2022-05-06 14:49:46 --> Table 'gymdbs.program' doesn't exist
CRITICAL - 2022-05-06 14:49:46 --> Table 'gymdbs.program' doesn't exist
#0 C:\xampp\htdocs\GYM\GYMci4\system\Database\MySQLi\Connection.php(292): mysqli->query('SELECT *\nFROM `...', 0)
#1 C:\xampp\htdocs\GYM\GYMci4\system\Database\BaseConnection.php(670): CodeIgniter\Database\MySQLi\Connection->execute('SELECT *\nFROM `...')
#2 C:\xampp\htdocs\GYM\GYMci4\system\Database\BaseConnection.php(598): CodeIgniter\Database\BaseConnection->simpleQuery('SELECT *\nFROM `...')
#3 C:\xampp\htdocs\GYM\GYMci4\system\Database\BaseBuilder.php(1455): CodeIgniter\Database\BaseConnection->query('SELECT *\nFROM `...', Array, false)
#4 C:\xampp\htdocs\GYM\GYMci4\system\Model.php(183): CodeIgniter\Database\BaseBuilder->get()
#5 C:\xampp\htdocs\GYM\GYMci4\system\BaseModel.php(584): CodeIgniter\Model->doFindAll(0, 0)
#6 C:\xampp\htdocs\GYM\GYMci4\app\Controllers\GymCustomer.php(21): CodeIgniter\BaseModel->findAll()
#7 C:\xampp\htdocs\GYM\GYMci4\system\CodeIgniter.php(825): App\Controllers\GymCustomer->index()
#8 C:\xampp\htdocs\GYM\GYMci4\system\CodeIgniter.php(412): CodeIgniter\CodeIgniter->runController(Object(App\Controllers\GymCustomer))
#9 C:\xampp\htdocs\GYM\GYMci4\system\CodeIgniter.php(320): CodeIgniter\CodeIgniter->handleRequest(NULL, Object(Config\Cache), false)
#10 C:\xampp\htdocs\GYM\index.php(37): CodeIgniter\CodeIgniter->run()
#11 {main}
ERROR - 2022-05-06 14:50:04 --> Table 'gymdbs.program' doesn't exist
CRITICAL - 2022-05-06 14:50:04 --> Table 'gymdbs.program' doesn't exist
#0 C:\xampp\htdocs\GYM\GYMci4\system\Database\MySQLi\Connection.php(292): mysqli->query('SELECT *\nFROM `...', 0)
#1 C:\xampp\htdocs\GYM\GYMci4\system\Database\BaseConnection.php(670): CodeIgniter\Database\MySQLi\Connection->execute('SELECT *\nFROM `...')
#2 C:\xampp\htdocs\GYM\GYMci4\system\Database\BaseConnection.php(598): CodeIgniter\Database\BaseConnection->simpleQuery('SELECT *\nFROM `...')
#3 C:\xampp\htdocs\GYM\GYMci4\system\Database\BaseBuilder.php(1455): CodeIgniter\Database\BaseConnection->query('SELECT *\nFROM `...', Array, false)
#4 C:\xampp\htdocs\GYM\GYMci4\system\Model.php(183): CodeIgniter\Database\BaseBuilder->get()
#5 C:\xampp\htdocs\GYM\GYMci4\system\BaseModel.php(584): CodeIgniter\Model->doFindAll(0, 0)
#6 C:\xampp\htdocs\GYM\GYMci4\app\Controllers\GymCustomer.php(21): CodeIgniter\BaseModel->findAll()
#7 C:\xampp\htdocs\GYM\GYMci4\system\CodeIgniter.php(825): App\Controllers\GymCustomer->index()
#8 C:\xampp\htdocs\GYM\GYMci4\system\CodeIgniter.php(412): CodeIgniter\CodeIgniter->runController(Object(App\Controllers\GymCustomer))
#9 C:\xampp\htdocs\GYM\GYMci4\system\CodeIgniter.php(320): CodeIgniter\CodeIgniter->handleRequest(NULL, Object(Config\Cache), false)
#10 C:\xampp\htdocs\GYM\index.php(37): CodeIgniter\CodeIgniter->run()
#11 {main}
ERROR - 2022-05-06 14:52:56 --> Table 'gymdbs.program' doesn't exist
CRITICAL - 2022-05-06 14:52:56 --> Table 'gymdbs.program' doesn't exist
#0 C:\xampp\htdocs\GYM\GYMci4\system\Database\MySQLi\Connection.php(292): mysqli->query('SELECT *\nFROM `...', 0)
#1 C:\xampp\htdocs\GYM\GYMci4\system\Database\BaseConnection.php(670): CodeIgniter\Database\MySQLi\Connection->execute('SELECT *\nFROM `...')
#2 C:\xampp\htdocs\GYM\GYMci4\system\Database\BaseConnection.php(598): CodeIgniter\Database\BaseConnection->simpleQuery('SELECT *\nFROM `...')
#3 C:\xampp\htdocs\GYM\GYMci4\system\Database\BaseBuilder.php(1455): CodeIgniter\Database\BaseConnection->query('SELECT *\nFROM `...', Array, false)
#4 C:\xampp\htdocs\GYM\GYMci4\system\Model.php(183): CodeIgniter\Database\BaseBuilder->get()
#5 C:\xampp\htdocs\GYM\GYMci4\system\BaseModel.php(584): CodeIgniter\Model->doFindAll(0, 0)
#6 C:\xampp\htdocs\GYM\GYMci4\app\Controllers\GymCustomer.php(21): CodeIgniter\BaseModel->findAll()
#7 C:\xampp\htdocs\GYM\GYMci4\system\CodeIgniter.php(825): App\Controllers\GymCustomer->index()
#8 C:\xampp\htdocs\GYM\GYMci4\system\CodeIgniter.php(412): CodeIgniter\CodeIgniter->runController(Object(App\Controllers\GymCustomer))
#9 C:\xampp\htdocs\GYM\GYMci4\system\CodeIgniter.php(320): CodeIgniter\CodeIgniter->handleRequest(NULL, Object(Config\Cache), false)
#10 C:\xampp\htdocs\GYM\index.php(37): CodeIgniter\CodeIgniter->run()
#11 {main}
ERROR - 2022-05-06 14:58:45 --> Table 'gymdbs.program' doesn't exist
CRITICAL - 2022-05-06 14:58:45 --> Table 'gymdbs.program' doesn't exist
#0 C:\xampp\htdocs\GYM\GYMci4\system\Database\MySQLi\Connection.php(292): mysqli->query('SELECT *\nFROM `...', 0)
#1 C:\xampp\htdocs\GYM\GYMci4\system\Database\BaseConnection.php(670): CodeIgniter\Database\MySQLi\Connection->execute('SELECT *\nFROM `...')
#2 C:\xampp\htdocs\GYM\GYMci4\system\Database\BaseConnection.php(598): CodeIgniter\Database\BaseConnection->simpleQuery('SELECT *\nFROM `...')
#3 C:\xampp\htdocs\GYM\GYMci4\system\Database\BaseBuilder.php(1455): CodeIgniter\Database\BaseConnection->query('SELECT *\nFROM `...', Array, false)
#4 C:\xampp\htdocs\GYM\GYMci4\system\Model.php(183): CodeIgniter\Database\BaseBuilder->get()
#5 C:\xampp\htdocs\GYM\GYMci4\system\BaseModel.php(584): CodeIgniter\Model->doFindAll(0, 0)
#6 C:\xampp\htdocs\GYM\GYMci4\app\Controllers\GymCustomer.php(21): CodeIgniter\BaseModel->findAll()
#7 C:\xampp\htdocs\GYM\GYMci4\system\CodeIgniter.php(825): App\Controllers\GymCustomer->index()
#8 C:\xampp\htdocs\GYM\GYMci4\system\CodeIgniter.php(412): CodeIgniter\CodeIgniter->runController(Object(App\Controllers\GymCustomer))
#9 C:\xampp\htdocs\GYM\GYMci4\system\CodeIgniter.php(320): CodeIgniter\CodeIgniter->handleRequest(NULL, Object(Config\Cache), false)
#10 C:\xampp\htdocs\GYM\index.php(37): CodeIgniter\CodeIgniter->run()
#11 {main}
CRITICAL - 2022-05-06 15:11:11 --> Undefined variable $totalTime
#0 C:\xampp\htdocs\GYM\GYMci4\system\Debug\Toolbar\Views\toolbar.tpl.php(40): CodeIgniter\Debug\Exceptions->errorHandler(2, 'Undefined varia...', 'C:\\xampp\\htdocs...', 40)
#1 C:\xampp\htdocs\GYM\GYMci4\system\Debug\Toolbar.php(501): include('C:\\xampp\\htdocs...')
#2 C:\xampp\htdocs\GYM\GYMci4\system\Debug\Toolbar.php(464): CodeIgniter\Debug\Toolbar->format(Array, 'html')
#3 C:\xampp\htdocs\GYM\GYMci4\app\Config\Events.php(48): CodeIgniter\Debug\Toolbar->respond()
#4 C:\xampp\htdocs\GYM\GYMci4\system\Events\Events.php(149): CodeIgniter\Events\Events::Config\{closure}()
#5 C:\xampp\htdocs\GYM\GYMci4\system\CodeIgniter.php(302): CodeIgniter\Events\Events::trigger('pre_system')
#6 C:\xampp\htdocs\GYM\index.php(37): CodeIgniter\CodeIgniter->run()
#7 {main}
ERROR - 2022-05-06 15:11:30 --> Table 'gymdbs.program' doesn't exist
CRITICAL - 2022-05-06 15:11:30 --> Table 'gymdbs.program' doesn't exist
#0 C:\xampp\htdocs\GYM\GYMci4\system\Database\MySQLi\Connection.php(292): mysqli->query('SELECT *\nFROM `...', 0)
#1 C:\xampp\htdocs\GYM\GYMci4\system\Database\BaseConnection.php(670): CodeIgniter\Database\MySQLi\Connection->execute('SELECT *\nFROM `...')
#2 C:\xampp\htdocs\GYM\GYMci4\system\Database\BaseConnection.php(598): CodeIgniter\Database\BaseConnection->simpleQuery('SELECT *\nFROM `...')
#3 C:\xampp\htdocs\GYM\GYMci4\system\Database\BaseBuilder.php(1455): CodeIgniter\Database\BaseConnection->query('SELECT *\nFROM `...', Array, false)
#4 C:\xampp\htdocs\GYM\GYMci4\system\Model.php(183): CodeIgniter\Database\BaseBuilder->get()
#5 C:\xampp\htdocs\GYM\GYMci4\system\BaseModel.php(584): CodeIgniter\Model->doFindAll(0, 0)
#6 C:\xampp\htdocs\GYM\GYMci4\app\Controllers\GymCustomer.php(21): CodeIgniter\BaseModel->findAll()
#7 C:\xampp\htdocs\GYM\GYMci4\system\CodeIgniter.php(825): App\Controllers\GymCustomer->index()
#8 C:\xampp\htdocs\GYM\GYMci4\system\CodeIgniter.php(412): CodeIgniter\CodeIgniter->runController(Object(App\Controllers\GymCustomer))
#9 C:\xampp\htdocs\GYM\GYMci4\system\CodeIgniter.php(320): CodeIgniter\CodeIgniter->handleRequest(NULL, Object(Config\Cache), false)
#10 C:\xampp\htdocs\GYM\index.php(37): CodeIgniter\CodeIgniter->run()
#11 {main}
CRITICAL - 2022-05-06 15:12:39 --> Undefined variable $data
#0 C:\xampp\htdocs\GYM\GYMci4\app\Controllers\GymCustomer.php(24): CodeIgniter\Debug\Exceptions->errorHandler(2, 'Undefined varia...', 'C:\\xampp\\htdocs...', 24)
#1 C:\xampp\htdocs\GYM\GYMci4\system\CodeIgniter.php(825): App\Controllers\GymCustomer->index()
#2 C:\xampp\htdocs\GYM\GYMci4\system\CodeIgniter.php(412): CodeIgniter\CodeIgniter->runController(Object(App\Controllers\GymCustomer))
#3 C:\xampp\htdocs\GYM\GYMci4\system\CodeIgniter.php(320): CodeIgniter\CodeIgniter->handleRequest(NULL, Object(Config\Cache), false)
#4 C:\xampp\htdocs\GYM\index.php(37): CodeIgniter\CodeIgniter->run()
#5 {main}
CRITICAL - 2022-05-06 15:12:53 --> Undefined variable $data
#0 C:\xampp\htdocs\GYM\GYMci4\app\Controllers\GymCustomer.php(24): CodeIgniter\Debug\Exceptions->errorHandler(2, 'Undefined varia...', 'C:\\xampp\\htdocs...', 24)
#1 C:\xampp\htdocs\GYM\GYMci4\system\CodeIgniter.php(825): App\Controllers\GymCustomer->index()
#2 C:\xampp\htdocs\GYM\GYMci4\system\CodeIgniter.php(412): CodeIgniter\CodeIgniter->runController(Object(App\Controllers\GymCustomer))
#3 C:\xampp\htdocs\GYM\GYMci4\system\CodeIgniter.php(320): CodeIgniter\CodeIgniter->handleRequest(NULL, Object(Config\Cache), false)
#4 C:\xampp\htdocs\GYM\index.php(37): CodeIgniter\CodeIgniter->run()
#5 {main}
CRITICAL - 2022-05-06 15:12:59 --> Undefined variable $data
#0 C:\xampp\htdocs\GYM\GYMci4\app\Controllers\GymCustomer.php(24): CodeIgniter\Debug\Exceptions->errorHandler(2, 'Undefined varia...', 'C:\\xampp\\htdocs...', 24)
#1 C:\xampp\htdocs\GYM\GYMci4\system\CodeIgniter.php(825): App\Controllers\GymCustomer->index()
#2 C:\xampp\htdocs\GYM\GYMci4\system\CodeIgniter.php(412): CodeIgniter\CodeIgniter->runController(Object(App\Controllers\GymCustomer))
#3 C:\xampp\htdocs\GYM\GYMci4\system\CodeIgniter.php(320): CodeIgniter\CodeIgniter->handleRequest(NULL, Object(Config\Cache), false)
#4 C:\xampp\htdocs\GYM\index.php(37): CodeIgniter\CodeIgniter->run()
#5 {main}
ERROR - 2022-05-06 15:13:24 --> Table 'gymdbs.program' doesn't exist
CRITICAL - 2022-05-06 15:13:24 --> Table 'gymdbs.program' doesn't exist
#0 C:\xampp\htdocs\GYM\GYMci4\system\Database\MySQLi\Connection.php(292): mysqli->query('SELECT *\nFROM `...', 0)
#1 C:\xampp\htdocs\GYM\GYMci4\system\Database\BaseConnection.php(670): CodeIgniter\Database\MySQLi\Connection->execute('SELECT *\nFROM `...')
#2 C:\xampp\htdocs\GYM\GYMci4\system\Database\BaseConnection.php(598): CodeIgniter\Database\BaseConnection->simpleQuery('SELECT *\nFROM `...')
#3 C:\xampp\htdocs\GYM\GYMci4\system\Database\BaseBuilder.php(1455): CodeIgniter\Database\BaseConnection->query('SELECT *\nFROM `...', Array, false)
#4 C:\xampp\htdocs\GYM\GYMci4\system\Model.php(183): CodeIgniter\Database\BaseBuilder->get()
#5 C:\xampp\htdocs\GYM\GYMci4\system\BaseModel.php(584): CodeIgniter\Model->doFindAll(0, 0)
#6 C:\xampp\htdocs\GYM\GYMci4\app\Controllers\GymCustomer.php(21): CodeIgniter\BaseModel->findAll()
#7 C:\xampp\htdocs\GYM\GYMci4\system\CodeIgniter.php(825): App\Controllers\GymCustomer->index()
#8 C:\xampp\htdocs\GYM\GYMci4\system\CodeIgniter.php(412): CodeIgniter\CodeIgniter->runController(Object(App\Controllers\GymCustomer))
#9 C:\xampp\htdocs\GYM\GYMci4\system\CodeIgniter.php(320): CodeIgniter\CodeIgniter->handleRequest(NULL, Object(Config\Cache), false)
#10 C:\xampp\htdocs\GYM\index.php(37): CodeIgniter\CodeIgniter->run()
#11 {main}
CRITICAL - 2022-05-06 15:13:52 --> Undefined variable $program
#0 C:\xampp\htdocs\GYM\GYMci4\app\Views\Admin\gymcustomer\add.php(203): CodeIgniter\Debug\Exceptions->errorHandler(2, 'Undefined varia...', 'C:\\xampp\\htdocs...', 203)
#1 C:\xampp\htdocs\GYM\GYMci4\system\View\View.php(210): include('C:\\xampp\\htdocs...')
#2 C:\xampp\htdocs\GYM\GYMci4\system\View\View.php(213): CodeIgniter\View\View->CodeIgniter\View\{closure}()
#3 C:\xampp\htdocs\GYM\GYMci4\system\Common.php(1089): CodeIgniter\View\View->render('Admin/gymcustom...', Array, true)
#4 C:\xampp\htdocs\GYM\GYMci4\app\Controllers\GymCustomer.php(21): view('Admin/gymcustom...', Array)
#5 C:\xampp\htdocs\GYM\GYMci4\system\CodeIgniter.php(825): App\Controllers\GymCustomer->index()
#6 C:\xampp\htdocs\GYM\GYMci4\system\CodeIgniter.php(412): CodeIgniter\CodeIgniter->runController(Object(App\Controllers\GymCustomer))
#7 C:\xampp\htdocs\GYM\GYMci4\system\CodeIgniter.php(320): CodeIgniter\CodeIgniter->handleRequest(NULL, Object(Config\Cache), false)
#8 C:\xampp\htdocs\GYM\index.php(37): CodeIgniter\CodeIgniter->run()
#9 {main}
CRITICAL - 2022-05-06 15:14:26 --> Undefined variable $program
#0 C:\xampp\htdocs\GYM\GYMci4\app\Views\Admin\gymcustomer\add.php(203): CodeIgniter\Debug\Exceptions->errorHandler(2, 'Undefined varia...', 'C:\\xampp\\htdocs...', 203)
#1 C:\xampp\htdocs\GYM\GYMci4\system\View\View.php(210): include('C:\\xampp\\htdocs...')
#2 C:\xampp\htdocs\GYM\GYMci4\system\View\View.php(213): CodeIgniter\View\View->CodeIgniter\View\{closure}()
#3 C:\xampp\htdocs\GYM\GYMci4\system\Common.php(1089): CodeIgniter\View\View->render('Admin/gymcustom...', Array, true)
#4 C:\xampp\htdocs\GYM\GYMci4\app\Controllers\GymCustomer.php(21): view('Admin/gymcustom...', Array)
#5 C:\xampp\htdocs\GYM\GYMci4\system\CodeIgniter.php(825): App\Controllers\GymCustomer->index()
#6 C:\xampp\htdocs\GYM\GYMci4\system\CodeIgniter.php(412): CodeIgniter\CodeIgniter->runController(Object(App\Controllers\GymCustomer))
#7 C:\xampp\htdocs\GYM\GYMci4\system\CodeIgniter.php(320): CodeIgniter\CodeIgniter->handleRequest(NULL, Object(Config\Cache), false)
#8 C:\xampp\htdocs\GYM\index.php(37): CodeIgniter\CodeIgniter->run()
#9 {main}
CRITICAL - 2022-05-06 15:14:32 --> Undefined variable $program
#0 C:\xampp\htdocs\GYM\GYMci4\app\Views\Admin\gymcustomer\add.php(203): CodeIgniter\Debug\Exceptions->errorHandler(2, 'Undefined varia...', 'C:\\xampp\\htdocs...', 203)
#1 C:\xampp\htdocs\GYM\GYMci4\system\View\View.php(210): include('C:\\xampp\\htdocs...')
#2 C:\xampp\htdocs\GYM\GYMci4\system\View\View.php(213): CodeIgniter\View\View->CodeIgniter\View\{closure}()
#3 C:\xampp\htdocs\GYM\GYMci4\system\Common.php(1089): CodeIgniter\View\View->render('Admin/gymcustom...', Array, true)
#4 C:\xampp\htdocs\GYM\GYMci4\app\Controllers\GymCustomer.php(21): view('Admin/gymcustom...', Array)
#5 C:\xampp\htdocs\GYM\GYMci4\system\CodeIgniter.php(825): App\Controllers\GymCustomer->index()
#6 C:\xampp\htdocs\GYM\GYMci4\system\CodeIgniter.php(412): CodeIgniter\CodeIgniter->runController(Object(App\Controllers\GymCustomer))
#7 C:\xampp\htdocs\GYM\GYMci4\system\CodeIgniter.php(320): CodeIgniter\CodeIgniter->handleRequest(NULL, Object(Config\Cache), false)
#8 C:\xampp\htdocs\GYM\index.php(37): CodeIgniter\CodeIgniter->run()
#9 {main}
CRITICAL - 2022-05-06 15:16:13 --> Undefined variable $program
#0 C:\xampp\htdocs\GYM\GYMci4\app\Views\Admin\gymcustomer\add.php(203): CodeIgniter\Debug\Exceptions->errorHandler(2, 'Undefined varia...', 'C:\\xampp\\htdocs...', 203)
#1 C:\xampp\htdocs\GYM\GYMci4\system\View\View.php(210): include('C:\\xampp\\htdocs...')
#2 C:\xampp\htdocs\GYM\GYMci4\system\View\View.php(213): CodeIgniter\View\View->CodeIgniter\View\{closure}()
#3 C:\xampp\htdocs\GYM\GYMci4\system\Common.php(1089): CodeIgniter\View\View->render('Admin/gymcustom...', Array, true)
#4 C:\xampp\htdocs\GYM\GYMci4\app\Controllers\GymCustomer.php(24): view('Admin/gymcustom...', Array)
#5 C:\xampp\htdocs\GYM\GYMci4\system\CodeIgniter.php(825): App\Controllers\GymCustomer->index()
#6 C:\xampp\htdocs\GYM\GYMci4\system\CodeIgniter.php(412): CodeIgniter\CodeIgniter->runController(Object(App\Controllers\GymCustomer))
#7 C:\xampp\htdocs\GYM\GYMci4\system\CodeIgniter.php(320): CodeIgniter\CodeIgniter->handleRequest(NULL, Object(Config\Cache), false)
#8 C:\xampp\htdocs\GYM\index.php(37): CodeIgniter\CodeIgniter->run()
#9 {main}
CRITICAL - 2022-05-06 15:16:20 --> Class "App\Controllers\ProgramMasterModel" not found
#0 C:\xampp\htdocs\GYM\GYMci4\system\CodeIgniter.php(825): App\Controllers\GymCustomer->index()
#1 C:\xampp\htdocs\GYM\GYMci4\system\CodeIgniter.php(412): CodeIgniter\CodeIgniter->runController(Object(App\Controllers\GymCustomer))
#2 C:\xampp\htdocs\GYM\GYMci4\system\CodeIgniter.php(320): CodeIgniter\CodeIgniter->handleRequest(NULL, Object(Config\Cache), false)
#3 C:\xampp\htdocs\GYM\index.php(37): CodeIgniter\CodeIgniter->run()
#4 {main}
CRITICAL - 2022-05-06 15:16:26 --> Class "App\Controllers\ProgramMasterModel" not found
#0 C:\xampp\htdocs\GYM\GYMci4\system\CodeIgniter.php(825): App\Controllers\GymCustomer->index()
#1 C:\xampp\htdocs\GYM\GYMci4\system\CodeIgniter.php(412): CodeIgniter\CodeIgniter->runController(Object(App\Controllers\GymCustomer))
#2 C:\xampp\htdocs\GYM\GYMci4\system\CodeIgniter.php(320): CodeIgniter\CodeIgniter->handleRequest(NULL, Object(Config\Cache), false)
#3 C:\xampp\htdocs\GYM\index.php(37): CodeIgniter\CodeIgniter->run()
#4 {main}
CRITICAL - 2022-05-06 15:16:28 --> Undefined variable $program
#0 C:\xampp\htdocs\GYM\GYMci4\app\Views\Admin\gymcustomer\add.php(203): CodeIgniter\Debug\Exceptions->errorHandler(2, 'Undefined varia...', 'C:\\xampp\\htdocs...', 203)
#1 C:\xampp\htdocs\GYM\GYMci4\system\View\View.php(210): include('C:\\xampp\\htdocs...')
#2 C:\xampp\htdocs\GYM\GYMci4\system\View\View.php(213): CodeIgniter\View\View->CodeIgniter\View\{closure}()
#3 C:\xampp\htdocs\GYM\GYMci4\system\Common.php(1089): CodeIgniter\View\View->render('Admin/gymcustom...', Array, true)
#4 C:\xampp\htdocs\GYM\GYMci4\app\Controllers\GymCustomer.php(24): view('Admin/gymcustom...', Array)
#5 C:\xampp\htdocs\GYM\GYMci4\system\CodeIgniter.php(825): App\Controllers\GymCustomer->index()
#6 C:\xampp\htdocs\GYM\GYMci4\system\CodeIgniter.php(412): CodeIgniter\CodeIgniter->runController(Object(App\Controllers\GymCustomer))
#7 C:\xampp\htdocs\GYM\GYMci4\system\CodeIgniter.php(320): CodeIgniter\CodeIgniter->handleRequest(NULL, Object(Config\Cache), false)
#8 C:\xampp\htdocs\GYM\index.php(37): CodeIgniter\CodeIgniter->run()
#9 {main}
CRITICAL - 2022-05-06 15:19:31 --> Trying to access array offset on value of type null
#0 C:\xampp\htdocs\GYM\GYMci4\app\Views\Admin\gymcustomer\admissionform.php(330): CodeIgniter\Debug\Exceptions->errorHandler(2, 'Trying to acces...', 'C:\\xampp\\htdocs...', 330)
#1 C:\xampp\htdocs\GYM\GYMci4\system\View\View.php(210): include('C:\\xampp\\htdocs...')
#2 C:\xampp\htdocs\GYM\GYMci4\system\View\View.php(213): CodeIgniter\View\View->CodeIgniter\View\{closure}()
#3 C:\xampp\htdocs\GYM\GYMci4\system\Common.php(1089): CodeIgniter\View\View->render('Admin/GymCustom...', Array, true)
#4 C:\xampp\htdocs\GYM\GYMci4\app\Controllers\GymCustomer.php(253): view('Admin/GymCustom...', Array)
#5 C:\xampp\htdocs\GYM\GYMci4\system\CodeIgniter.php(825): App\Controllers\GymCustomer->print('SourceSansPro-R...')
#6 C:\xampp\htdocs\GYM\GYMci4\system\CodeIgniter.php(412): CodeIgniter\CodeIgniter->runController(Object(App\Controllers\GymCustomer))
#7 C:\xampp\htdocs\GYM\GYMci4\system\CodeIgniter.php(320): CodeIgniter\CodeIgniter->handleRequest(NULL, Object(Config\Cache), false)
#8 C:\xampp\htdocs\GYM\index.php(37): CodeIgniter\CodeIgniter->run()
#9 {main}
