CRITICAL - 2022-04-11 07:44:10 --> Class "App\Models\GymMasterModel" not found
#0 C:\xampp\htdocs\GYM\GYMci4\system\CodeIgniter.php(825): App\Controllers\Add->edit('28')
#1 C:\xampp\htdocs\GYM\GYMci4\system\CodeIgniter.php(412): CodeIgniter\CodeIgniter->runController(Object(App\Controllers\Add))
#2 C:\xampp\htdocs\GYM\GYMci4\system\CodeIgniter.php(320): CodeIgniter\CodeIgniter->handleRequest(NULL, Object(Config\Cache), false)
#3 C:\xampp\htdocs\GYM\index.php(37): CodeIgniter\CodeIgniter->run()
#4 {main}
CRITICAL - 2022-04-11 07:44:37 --> Class "App\Models\GymMasterModel" not found
#0 C:\xampp\htdocs\GYM\GYMci4\system\CodeIgniter.php(825): App\Controllers\Add->edit('27')
#1 C:\xampp\htdocs\GYM\GYMci4\system\CodeIgniter.php(412): CodeIgniter\CodeIgniter->runController(Object(App\Controllers\Add))
#2 C:\xampp\htdocs\GYM\GYMci4\system\CodeIgniter.php(320): CodeIgniter\CodeIgniter->handleRequest(NULL, Object(Config\Cache), false)
#3 C:\xampp\htdocs\GYM\index.php(37): CodeIgniter\CodeIgniter->run()
#4 {main}
CRITICAL - 2022-04-11 07:54:59 --> Class "App\Models\GymMasterModel" not found
#0 C:\xampp\htdocs\GYM\GYMci4\system\CodeIgniter.php(825): App\Controllers\Add->edit('26')
#1 C:\xampp\htdocs\GYM\GYMci4\system\CodeIgniter.php(412): CodeIgniter\CodeIgniter->runController(Object(App\Controllers\Add))
#2 C:\xampp\htdocs\GYM\GYMci4\system\CodeIgniter.php(320): CodeIgniter\CodeIgniter->handleRequest(NULL, Object(Config\Cache), false)
#3 C:\xampp\htdocs\GYM\index.php(37): CodeIgniter\CodeIgniter->run()
#4 {main}
CRITICAL - 2022-04-11 07:56:01 --> Trying to access array offset on value of type null
#0 C:\xampp\htdocs\GYM\GYMci4\app\Views\Admin\edit.php(22): CodeIgniter\Debug\Exceptions->errorHandler(2, 'Trying to acces...', 'C:\\xampp\\htdocs...', 22)
#1 C:\xampp\htdocs\GYM\GYMci4\system\View\View.php(210): include('C:\\xampp\\htdocs...')
#2 C:\xampp\htdocs\GYM\GYMci4\system\View\View.php(213): CodeIgniter\View\View->CodeIgniter\View\{closure}()
#3 C:\xampp\htdocs\GYM\GYMci4\system\Common.php(1089): CodeIgniter\View\View->render('Admin/edit', Array, true)
#4 C:\xampp\htdocs\GYM\GYMci4\app\Controllers\Add.php(80): view('Admin/edit', Array)
#5 C:\xampp\htdocs\GYM\GYMci4\system\CodeIgniter.php(825): App\Controllers\Add->edit('images', 'calendar.png')
#6 C:\xampp\htdocs\GYM\GYMci4\system\CodeIgniter.php(412): CodeIgniter\CodeIgniter->runController(Object(App\Controllers\Add))
#7 C:\xampp\htdocs\GYM\GYMci4\system\CodeIgniter.php(320): CodeIgniter\CodeIgniter->handleRequest(NULL, Object(Config\Cache), false)
#8 C:\xampp\htdocs\GYM\index.php(37): CodeIgniter\CodeIgniter->run()
#9 {main}
CRITICAL - 2022-04-11 07:57:06 --> Trying to access array offset on value of type null
#0 C:\xampp\htdocs\GYM\GYMci4\app\Views\Admin\edit.php(22): CodeIgniter\Debug\Exceptions->errorHandler(2, 'Trying to acces...', 'C:\\xampp\\htdocs...', 22)
#1 C:\xampp\htdocs\GYM\GYMci4\system\View\View.php(210): include('C:\\xampp\\htdocs...')
#2 C:\xampp\htdocs\GYM\GYMci4\system\View\View.php(213): CodeIgniter\View\View->CodeIgniter\View\{closure}()
#3 C:\xampp\htdocs\GYM\GYMci4\system\Common.php(1089): CodeIgniter\View\View->render('Admin/edit', Array, true)
#4 C:\xampp\htdocs\GYM\GYMci4\app\Controllers\Add.php(80): view('Admin/edit', Array)
#5 C:\xampp\htdocs\GYM\GYMci4\system\CodeIgniter.php(825): App\Controllers\Add->edit('images', 'calendar.png')
#6 C:\xampp\htdocs\GYM\GYMci4\system\CodeIgniter.php(412): CodeIgniter\CodeIgniter->runController(Object(App\Controllers\Add))
#7 C:\xampp\htdocs\GYM\GYMci4\system\CodeIgniter.php(320): CodeIgniter\CodeIgniter->handleRequest(NULL, Object(Config\Cache), false)
#8 C:\xampp\htdocs\GYM\index.php(37): CodeIgniter\CodeIgniter->run()
#9 {main}
CRITICAL - 2022-04-11 08:01:13 --> Trying to access array offset on value of type null
#0 C:\xampp\htdocs\GYM\GYMci4\app\Views\Admin\edit.php(22): CodeIgniter\Debug\Exceptions->errorHandler(2, 'Trying to acces...', 'C:\\xampp\\htdocs...', 22)
#1 C:\xampp\htdocs\GYM\GYMci4\system\View\View.php(210): include('C:\\xampp\\htdocs...')
#2 C:\xampp\htdocs\GYM\GYMci4\system\View\View.php(213): CodeIgniter\View\View->CodeIgniter\View\{closure}()
#3 C:\xampp\htdocs\GYM\GYMci4\system\Common.php(1089): CodeIgniter\View\View->render('Admin/edit', Array, true)
#4 C:\xampp\htdocs\GYM\GYMci4\app\Controllers\Add.php(80): view('Admin/edit', Array)
#5 C:\xampp\htdocs\GYM\GYMci4\system\CodeIgniter.php(825): App\Controllers\Add->edit('images', 'calendar.png')
#6 C:\xampp\htdocs\GYM\GYMci4\system\CodeIgniter.php(412): CodeIgniter\CodeIgniter->runController(Object(App\Controllers\Add))
#7 C:\xampp\htdocs\GYM\GYMci4\system\CodeIgniter.php(320): CodeIgniter\CodeIgniter->handleRequest(NULL, Object(Config\Cache), false)
#8 C:\xampp\htdocs\GYM\index.php(37): CodeIgniter\CodeIgniter->run()
#9 {main}
CRITICAL - 2022-04-11 08:01:36 --> Trying to access array offset on value of type null
#0 C:\xampp\htdocs\GYM\GYMci4\app\Views\Admin\edit.php(22): CodeIgniter\Debug\Exceptions->errorHandler(2, 'Trying to acces...', 'C:\\xampp\\htdocs...', 22)
#1 C:\xampp\htdocs\GYM\GYMci4\system\View\View.php(210): include('C:\\xampp\\htdocs...')
#2 C:\xampp\htdocs\GYM\GYMci4\system\View\View.php(213): CodeIgniter\View\View->CodeIgniter\View\{closure}()
#3 C:\xampp\htdocs\GYM\GYMci4\system\Common.php(1089): CodeIgniter\View\View->render('Admin/edit', Array, true)
#4 C:\xampp\htdocs\GYM\GYMci4\app\Controllers\Add.php(80): view('Admin/edit', Array)
#5 C:\xampp\htdocs\GYM\GYMci4\system\CodeIgniter.php(825): App\Controllers\Add->edit('images', 'calendar.png')
#6 C:\xampp\htdocs\GYM\GYMci4\system\CodeIgniter.php(412): CodeIgniter\CodeIgniter->runController(Object(App\Controllers\Add))
#7 C:\xampp\htdocs\GYM\GYMci4\system\CodeIgniter.php(320): CodeIgniter\CodeIgniter->handleRequest(NULL, Object(Config\Cache), false)
#8 C:\xampp\htdocs\GYM\index.php(37): CodeIgniter\CodeIgniter->run()
#9 {main}
CRITICAL - 2022-04-11 08:02:19 --> Trying to access array offset on value of type null
#0 C:\xampp\htdocs\GYM\GYMci4\app\Views\Admin\edit.php(22): CodeIgniter\Debug\Exceptions->errorHandler(2, 'Trying to acces...', 'C:\\xampp\\htdocs...', 22)
#1 C:\xampp\htdocs\GYM\GYMci4\system\View\View.php(210): include('C:\\xampp\\htdocs...')
#2 C:\xampp\htdocs\GYM\GYMci4\system\View\View.php(213): CodeIgniter\View\View->CodeIgniter\View\{closure}()
#3 C:\xampp\htdocs\GYM\GYMci4\system\Common.php(1089): CodeIgniter\View\View->render('Admin/edit', Array, true)
#4 C:\xampp\htdocs\GYM\GYMci4\app\Controllers\Add.php(80): view('Admin/edit', Array)
#5 C:\xampp\htdocs\GYM\GYMci4\system\CodeIgniter.php(825): App\Controllers\Add->edit('images', 'calendar.png')
#6 C:\xampp\htdocs\GYM\GYMci4\system\CodeIgniter.php(412): CodeIgniter\CodeIgniter->runController(Object(App\Controllers\Add))
#7 C:\xampp\htdocs\GYM\GYMci4\system\CodeIgniter.php(320): CodeIgniter\CodeIgniter->handleRequest(NULL, Object(Config\Cache), false)
#8 C:\xampp\htdocs\GYM\index.php(37): CodeIgniter\CodeIgniter->run()
#9 {main}
CRITICAL - 2022-04-11 08:02:33 --> Trying to access array offset on value of type null
#0 C:\xampp\htdocs\GYM\GYMci4\app\Views\Admin\edit.php(22): CodeIgniter\Debug\Exceptions->errorHandler(2, 'Trying to acces...', 'C:\\xampp\\htdocs...', 22)
#1 C:\xampp\htdocs\GYM\GYMci4\system\View\View.php(210): include('C:\\xampp\\htdocs...')
#2 C:\xampp\htdocs\GYM\GYMci4\system\View\View.php(213): CodeIgniter\View\View->CodeIgniter\View\{closure}()
#3 C:\xampp\htdocs\GYM\GYMci4\system\Common.php(1089): CodeIgniter\View\View->render('Admin/edit', Array, true)
#4 C:\xampp\htdocs\GYM\GYMci4\app\Controllers\Add.php(80): view('Admin/edit', Array)
#5 C:\xampp\htdocs\GYM\GYMci4\system\CodeIgniter.php(825): App\Controllers\Add->edit('images', 'calendar.png')
#6 C:\xampp\htdocs\GYM\GYMci4\system\CodeIgniter.php(412): CodeIgniter\CodeIgniter->runController(Object(App\Controllers\Add))
#7 C:\xampp\htdocs\GYM\GYMci4\system\CodeIgniter.php(320): CodeIgniter\CodeIgniter->handleRequest(NULL, Object(Config\Cache), false)
#8 C:\xampp\htdocs\GYM\index.php(37): CodeIgniter\CodeIgniter->run()
#9 {main}
CRITICAL - 2022-04-11 08:03:56 --> Trying to access array offset on value of type null
#0 C:\xampp\htdocs\GYM\GYMci4\app\Views\Admin\edit.php(22): CodeIgniter\Debug\Exceptions->errorHandler(2, 'Trying to acces...', 'C:\\xampp\\htdocs...', 22)
#1 C:\xampp\htdocs\GYM\GYMci4\system\View\View.php(210): include('C:\\xampp\\htdocs...')
#2 C:\xampp\htdocs\GYM\GYMci4\system\View\View.php(213): CodeIgniter\View\View->CodeIgniter\View\{closure}()
#3 C:\xampp\htdocs\GYM\GYMci4\system\Common.php(1089): CodeIgniter\View\View->render('Admin/edit', Array, true)
#4 C:\xampp\htdocs\GYM\GYMci4\app\Controllers\Add.php(80): view('Admin/edit', Array)
#5 C:\xampp\htdocs\GYM\GYMci4\system\CodeIgniter.php(825): App\Controllers\Add->edit('images', 'calendar.png')
#6 C:\xampp\htdocs\GYM\GYMci4\system\CodeIgniter.php(412): CodeIgniter\CodeIgniter->runController(Object(App\Controllers\Add))
#7 C:\xampp\htdocs\GYM\GYMci4\system\CodeIgniter.php(320): CodeIgniter\CodeIgniter->handleRequest(NULL, Object(Config\Cache), false)
#8 C:\xampp\htdocs\GYM\index.php(37): CodeIgniter\CodeIgniter->run()
#9 {main}
CRITICAL - 2022-04-11 08:04:09 --> Trying to access array offset on value of type null
#0 C:\xampp\htdocs\GYM\GYMci4\app\Views\Admin\edit.php(22): CodeIgniter\Debug\Exceptions->errorHandler(2, 'Trying to acces...', 'C:\\xampp\\htdocs...', 22)
#1 C:\xampp\htdocs\GYM\GYMci4\system\View\View.php(210): include('C:\\xampp\\htdocs...')
#2 C:\xampp\htdocs\GYM\GYMci4\system\View\View.php(213): CodeIgniter\View\View->CodeIgniter\View\{closure}()
#3 C:\xampp\htdocs\GYM\GYMci4\system\Common.php(1089): CodeIgniter\View\View->render('Admin/edit', Array, true)
#4 C:\xampp\htdocs\GYM\GYMci4\app\Controllers\Add.php(80): view('Admin/edit', Array)
#5 C:\xampp\htdocs\GYM\GYMci4\system\CodeIgniter.php(825): App\Controllers\Add->edit('images', 'calendar.png')
#6 C:\xampp\htdocs\GYM\GYMci4\system\CodeIgniter.php(412): CodeIgniter\CodeIgniter->runController(Object(App\Controllers\Add))
#7 C:\xampp\htdocs\GYM\GYMci4\system\CodeIgniter.php(320): CodeIgniter\CodeIgniter->handleRequest(NULL, Object(Config\Cache), false)
#8 C:\xampp\htdocs\GYM\index.php(37): CodeIgniter\CodeIgniter->run()
#9 {main}
