CRITICAL - 2022-04-20 06:59:27 --> Undefined variable $totalTime
#0 C:\xampp\htdocs\GYM\GYMci4\system\Debug\Toolbar\Views\toolbar.tpl.php(40): CodeIgniter\Debug\Exceptions->errorHandler(2, 'Undefined varia...', 'C:\\xampp\\htdocs...', 40)
#1 C:\xampp\htdocs\GYM\GYMci4\system\Debug\Toolbar.php(501): include('C:\\xampp\\htdocs...')
#2 C:\xampp\htdocs\GYM\GYMci4\system\Debug\Toolbar.php(464): CodeIgniter\Debug\Toolbar->format(Array, 'html')
#3 C:\xampp\htdocs\GYM\GYMci4\app\Config\Events.php(48): CodeIgniter\Debug\Toolbar->respond()
#4 C:\xampp\htdocs\GYM\GYMci4\system\Events\Events.php(149): CodeIgniter\Events\Events::Config\{closure}()
#5 C:\xampp\htdocs\GYM\GYMci4\system\CodeIgniter.php(302): CodeIgniter\Events\Events::trigger('pre_system')
#6 C:\xampp\htdocs\GYM\index.php(37): CodeIgniter\CodeIgniter->run()
#7 {main}
CRITICAL - 2022-04-20 08:05:19 --> Invalid file: Admin/add.php
#0 C:\xampp\htdocs\GYM\GYMci4\system\View\View.php(198): CodeIgniter\Exceptions\FrameworkException::forInvalidFile('Admin/add.php')
#1 C:\xampp\htdocs\GYM\GYMci4\system\Common.php(1089): CodeIgniter\View\View->render('Admin/add', Array, true)
#2 C:\xampp\htdocs\GYM\GYMci4\app\Controllers\GYMbranch.php(15): view('Admin/add', Array)
#3 C:\xampp\htdocs\GYM\GYMci4\system\CodeIgniter.php(825): App\Controllers\GYMbranch->index()
#4 C:\xampp\htdocs\GYM\GYMci4\system\CodeIgniter.php(412): CodeIgniter\CodeIgniter->runController(Object(App\Controllers\GYMbranch))
#5 C:\xampp\htdocs\GYM\GYMci4\system\CodeIgniter.php(320): CodeIgniter\CodeIgniter->handleRequest(NULL, Object(Config\Cache), false)
#6 C:\xampp\htdocs\GYM\index.php(37): CodeIgniter\CodeIgniter->run()
#7 {main}
CRITICAL - 2022-04-20 08:09:22 --> Trying to access array offset on value of type null
#0 C:\xampp\htdocs\GYM\GYMci4\app\Views\Admin\Branch\edit.php(22): CodeIgniter\Debug\Exceptions->errorHandler(2, 'Trying to acces...', 'C:\\xampp\\htdocs...', 22)
#1 C:\xampp\htdocs\GYM\GYMci4\system\View\View.php(210): include('C:\\xampp\\htdocs...')
#2 C:\xampp\htdocs\GYM\GYMci4\system\View\View.php(213): CodeIgniter\View\View->CodeIgniter\View\{closure}()
#3 C:\xampp\htdocs\GYM\GYMci4\system\Common.php(1089): CodeIgniter\View\View->render('Admin/Branch/ed...', Array, true)
#4 C:\xampp\htdocs\GYM\GYMci4\app\Controllers\GYMbranch.php(75): view('Admin/Branch/ed...', Array)
#5 C:\xampp\htdocs\GYM\GYMci4\system\CodeIgniter.php(825): App\Controllers\GYMbranch->edit('images', 'calendar.png')
#6 C:\xampp\htdocs\GYM\GYMci4\system\CodeIgniter.php(412): CodeIgniter\CodeIgniter->runController(Object(App\Controllers\GYMbranch))
#7 C:\xampp\htdocs\GYM\GYMci4\system\CodeIgniter.php(320): CodeIgniter\CodeIgniter->handleRequest(NULL, Object(Config\Cache), false)
#8 C:\xampp\htdocs\GYM\index.php(37): CodeIgniter\CodeIgniter->run()
#9 {main}
CRITICAL - 2022-04-20 08:13:38 --> Trying to access array offset on value of type null
#0 C:\xampp\htdocs\GYM\GYMci4\app\Views\Admin\Branch\edit.php(22): CodeIgniter\Debug\Exceptions->errorHandler(2, 'Trying to acces...', 'C:\\xampp\\htdocs...', 22)
#1 C:\xampp\htdocs\GYM\GYMci4\system\View\View.php(210): include('C:\\xampp\\htdocs...')
#2 C:\xampp\htdocs\GYM\GYMci4\system\View\View.php(213): CodeIgniter\View\View->CodeIgniter\View\{closure}()
#3 C:\xampp\htdocs\GYM\GYMci4\system\Common.php(1089): CodeIgniter\View\View->render('Admin/Branch/ed...', Array, true)
#4 C:\xampp\htdocs\GYM\GYMci4\app\Controllers\GYMbranch.php(75): view('Admin/Branch/ed...', Array)
#5 C:\xampp\htdocs\GYM\GYMci4\system\CodeIgniter.php(825): App\Controllers\GYMbranch->edit('images', 'calendar.png')
#6 C:\xampp\htdocs\GYM\GYMci4\system\CodeIgniter.php(412): CodeIgniter\CodeIgniter->runController(Object(App\Controllers\GYMbranch))
#7 C:\xampp\htdocs\GYM\GYMci4\system\CodeIgniter.php(320): CodeIgniter\CodeIgniter->handleRequest(NULL, Object(Config\Cache), false)
#8 C:\xampp\htdocs\GYM\index.php(37): CodeIgniter\CodeIgniter->run()
#9 {main}
CRITICAL - 2022-04-20 08:17:50 --> Undefined variable $totalTime
#0 C:\xampp\htdocs\GYM\GYMci4\system\Debug\Toolbar\Views\toolbar.tpl.php(40): CodeIgniter\Debug\Exceptions->errorHandler(2, 'Undefined varia...', 'C:\\xampp\\htdocs...', 40)
#1 C:\xampp\htdocs\GYM\GYMci4\system\Debug\Toolbar.php(501): include('C:\\xampp\\htdocs...')
#2 C:\xampp\htdocs\GYM\GYMci4\system\Debug\Toolbar.php(464): CodeIgniter\Debug\Toolbar->format(Array, 'html')
#3 C:\xampp\htdocs\GYM\GYMci4\app\Config\Events.php(48): CodeIgniter\Debug\Toolbar->respond()
#4 C:\xampp\htdocs\GYM\GYMci4\system\Events\Events.php(149): CodeIgniter\Events\Events::Config\{closure}()
#5 C:\xampp\htdocs\GYM\GYMci4\system\CodeIgniter.php(302): CodeIgniter\Events\Events::trigger('pre_system')
#6 C:\xampp\htdocs\GYM\index.php(37): CodeIgniter\CodeIgniter->run()
#7 {main}
