CRITICAL - 2022-04-14 06:45:05 --> Invalid file: Admin/gymbranch/add.php
#0 C:\xampp\htdocs\GYM\GYMci4\system\View\View.php(198): CodeIgniter\Exceptions\FrameworkException::forInvalidFile('Admin/gymbranch...')
#1 C:\xampp\htdocs\GYM\GYMci4\system\Common.php(1089): CodeIgniter\View\View->render('Admin/gymbranch...', Array, true)
#2 C:\xampp\htdocs\GYM\GYMci4\app\Controllers\GYMbranch.php(16): view('Admin/gymbranch...', Array)
#3 C:\xampp\htdocs\GYM\GYMci4\system\CodeIgniter.php(825): App\Controllers\GYMbranch->index()
#4 C:\xampp\htdocs\GYM\GYMci4\system\CodeIgniter.php(412): CodeIgniter\CodeIgniter->runController(Object(App\Controllers\GYMbranch))
#5 C:\xampp\htdocs\GYM\GYMci4\system\CodeIgniter.php(320): CodeIgniter\CodeIgniter->handleRequest(NULL, Object(Config\Cache), false)
#6 C:\xampp\htdocs\GYM\index.php(37): CodeIgniter\CodeIgniter->run()
#7 {main}
CRITICAL - 2022-04-14 06:46:55 --> Invalid file: Admin/gymbranch/add.php
#0 C:\xampp\htdocs\GYM\GYMci4\system\View\View.php(198): CodeIgniter\Exceptions\FrameworkException::forInvalidFile('Admin/gymbranch...')
#1 C:\xampp\htdocs\GYM\GYMci4\system\Common.php(1089): CodeIgniter\View\View->render('Admin/gymbranch...', Array, true)
#2 C:\xampp\htdocs\GYM\GYMci4\app\Controllers\GYMbranch.php(16): view('Admin/gymbranch...', Array)
#3 C:\xampp\htdocs\GYM\GYMci4\system\CodeIgniter.php(825): App\Controllers\GYMbranch->index()
#4 C:\xampp\htdocs\GYM\GYMci4\system\CodeIgniter.php(412): CodeIgniter\CodeIgniter->runController(Object(App\Controllers\GYMbranch))
#5 C:\xampp\htdocs\GYM\GYMci4\system\CodeIgniter.php(320): CodeIgniter\CodeIgniter->handleRequest(NULL, Object(Config\Cache), false)
#6 C:\xampp\htdocs\GYM\index.php(37): CodeIgniter\CodeIgniter->run()
#7 {main}
CRITICAL - 2022-04-14 06:47:12 --> syntax error, unexpected token "}"
#0 C:\xampp\htdocs\GYM\GYMci4\system\Router\Router.php(175): CodeIgniter\Router\Router->autoRoute('GYMbranch')
#1 C:\xampp\htdocs\GYM\GYMci4\system\CodeIgniter.php(719): CodeIgniter\Router\Router->handle('GYMbranch')
#2 C:\xampp\htdocs\GYM\GYMci4\system\CodeIgniter.php(361): CodeIgniter\CodeIgniter->tryToRouteIt(Object(CodeIgniter\Router\RouteCollection))
#3 C:\xampp\htdocs\GYM\GYMci4\system\CodeIgniter.php(320): CodeIgniter\CodeIgniter->handleRequest(NULL, Object(Config\Cache), false)
#4 C:\xampp\htdocs\GYM\index.php(37): CodeIgniter\CodeIgniter->run()
#5 {main}
CRITICAL - 2022-04-14 06:48:05 --> Invalid file: Admin/gymbranch/add.php
#0 C:\xampp\htdocs\GYM\GYMci4\system\View\View.php(198): CodeIgniter\Exceptions\FrameworkException::forInvalidFile('Admin/gymbranch...')
#1 C:\xampp\htdocs\GYM\GYMci4\system\Common.php(1089): CodeIgniter\View\View->render('Admin/gymbranch...', Array, true)
#2 C:\xampp\htdocs\GYM\GYMci4\app\Controllers\GYMbranch.php(15): view('Admin/gymbranch...', Array)
#3 C:\xampp\htdocs\GYM\GYMci4\system\CodeIgniter.php(825): App\Controllers\GYMbranch->index()
#4 C:\xampp\htdocs\GYM\GYMci4\system\CodeIgniter.php(412): CodeIgniter\CodeIgniter->runController(Object(App\Controllers\GYMbranch))
#5 C:\xampp\htdocs\GYM\GYMci4\system\CodeIgniter.php(320): CodeIgniter\CodeIgniter->handleRequest(NULL, Object(Config\Cache), false)
#6 C:\xampp\htdocs\GYM\index.php(37): CodeIgniter\CodeIgniter->run()
#7 {main}
CRITICAL - 2022-04-14 06:52:31 --> Trying to access array offset on value of type null
#0 C:\xampp\htdocs\GYM\GYMci4\app\Views\Admin\edit.php(22): CodeIgniter\Debug\Exceptions->errorHandler(2, 'Trying to acces...', 'C:\\xampp\\htdocs...', 22)
#1 C:\xampp\htdocs\GYM\GYMci4\system\View\View.php(210): include('C:\\xampp\\htdocs...')
#2 C:\xampp\htdocs\GYM\GYMci4\system\View\View.php(213): CodeIgniter\View\View->CodeIgniter\View\{closure}()
#3 C:\xampp\htdocs\GYM\GYMci4\system\Common.php(1089): CodeIgniter\View\View->render('Admin/edit', Array, true)
#4 C:\xampp\htdocs\GYM\GYMci4\app\Controllers\GYMbranch.php(75): view('Admin/edit', Array)
#5 C:\xampp\htdocs\GYM\GYMci4\system\CodeIgniter.php(825): App\Controllers\GYMbranch->edit('images', 'calendar.png')
#6 C:\xampp\htdocs\GYM\GYMci4\system\CodeIgniter.php(412): CodeIgniter\CodeIgniter->runController(Object(App\Controllers\GYMbranch))
#7 C:\xampp\htdocs\GYM\GYMci4\system\CodeIgniter.php(320): CodeIgniter\CodeIgniter->handleRequest(NULL, Object(Config\Cache), false)
#8 C:\xampp\htdocs\GYM\index.php(37): CodeIgniter\CodeIgniter->run()
#9 {main}
CRITICAL - 2022-04-14 06:52:41 --> Trying to access array offset on value of type null
#0 C:\xampp\htdocs\GYM\GYMci4\app\Views\Admin\edit.php(22): CodeIgniter\Debug\Exceptions->errorHandler(2, 'Trying to acces...', 'C:\\xampp\\htdocs...', 22)
#1 C:\xampp\htdocs\GYM\GYMci4\system\View\View.php(210): include('C:\\xampp\\htdocs...')
#2 C:\xampp\htdocs\GYM\GYMci4\system\View\View.php(213): CodeIgniter\View\View->CodeIgniter\View\{closure}()
#3 C:\xampp\htdocs\GYM\GYMci4\system\Common.php(1089): CodeIgniter\View\View->render('Admin/edit', Array, true)
#4 C:\xampp\htdocs\GYM\GYMci4\app\Controllers\GYMbranch.php(75): view('Admin/edit', Array)
#5 C:\xampp\htdocs\GYM\GYMci4\system\CodeIgniter.php(825): App\Controllers\GYMbranch->edit('images', 'calendar.png')
#6 C:\xampp\htdocs\GYM\GYMci4\system\CodeIgniter.php(412): CodeIgniter\CodeIgniter->runController(Object(App\Controllers\GYMbranch))
#7 C:\xampp\htdocs\GYM\GYMci4\system\CodeIgniter.php(320): CodeIgniter\CodeIgniter->handleRequest(NULL, Object(Config\Cache), false)
#8 C:\xampp\htdocs\GYM\index.php(37): CodeIgniter\CodeIgniter->run()
#9 {main}
CRITICAL - 2022-04-14 06:53:04 --> Trying to access array offset on value of type null
#0 C:\xampp\htdocs\GYM\GYMci4\app\Views\Admin\edit.php(22): CodeIgniter\Debug\Exceptions->errorHandler(2, 'Trying to acces...', 'C:\\xampp\\htdocs...', 22)
#1 C:\xampp\htdocs\GYM\GYMci4\system\View\View.php(210): include('C:\\xampp\\htdocs...')
#2 C:\xampp\htdocs\GYM\GYMci4\system\View\View.php(213): CodeIgniter\View\View->CodeIgniter\View\{closure}()
#3 C:\xampp\htdocs\GYM\GYMci4\system\Common.php(1089): CodeIgniter\View\View->render('Admin/edit', Array, true)
#4 C:\xampp\htdocs\GYM\GYMci4\app\Controllers\GYMbranch.php(75): view('Admin/edit', Array)
#5 C:\xampp\htdocs\GYM\GYMci4\system\CodeIgniter.php(825): App\Controllers\GYMbranch->edit('images', 'calendar.png')
#6 C:\xampp\htdocs\GYM\GYMci4\system\CodeIgniter.php(412): CodeIgniter\CodeIgniter->runController(Object(App\Controllers\GYMbranch))
#7 C:\xampp\htdocs\GYM\GYMci4\system\CodeIgniter.php(320): CodeIgniter\CodeIgniter->handleRequest(NULL, Object(Config\Cache), false)
#8 C:\xampp\htdocs\GYM\index.php(37): CodeIgniter\CodeIgniter->run()
#9 {main}
